Warning: experiment present several times in the experiment file: experiment: ERP117745
Abundance threshold not available for library ERX5671934 and cellType FBbt:00001252. Condition and annotated sample have been inserted in order to be able to save info at cell level but no calls will be generated. at 3Insertion/insert_scrna_seq.pl line 448.
Abundance threshold not available for library ERX5671924 and cellType CL:0000700. Condition and annotated sample have been inserted in order to be able to save info at cell level but no calls will be generated. at 3Insertion/insert_scrna_seq.pl line 448.
Abundance threshold not available for library ERX5671935 and cellType FBbt:00006049. Condition and annotated sample have been inserted in order to be able to save info at cell level but no calls will be generated. at 3Insertion/insert_scrna_seq.pl line 448.
Abundance threshold not available for library ERX5671940 and cellType FBbt:00004907. Condition and annotated sample have been inserted in order to be able to save info at cell level but no calls will be generated. at 3Insertion/insert_scrna_seq.pl line 448.
Abundance threshold not available for library ERX5671926 and cellType FBbt:00067064. Condition and annotated sample have been inserted in order to be able to save info at cell level but no calls will be generated. at 3Insertion/insert_scrna_seq.pl line 448.
Abundance threshold not available for library ERX5671924 and cellType FBbt:00100501. Condition and annotated sample have been inserted in order to be able to save info at cell level but no calls will be generated. at 3Insertion/insert_scrna_seq.pl line 448.
Abundance threshold not available for library ERX5671928 and cellType FBbt:00100501. Condition and annotated sample have been inserted in order to be able to save info at cell level but no calls will be generated. at 3Insertion/insert_scrna_seq.pl line 448.
Abundance threshold not available for library ERX5671928 and cellType FBbt:00110074. Condition and annotated sample have been inserted in order to be able to save info at cell level but no calls will be generated. at 3Insertion/insert_scrna_seq.pl line 448.
Abundance threshold not available for library ERX5671944 and cellType CL:0000700. Condition and annotated sample have been inserted in order to be able to save info at cell level but no calls will be generated. at 3Insertion/insert_scrna_seq.pl line 448.
Abundance threshold not available for library ERX5671948 and cellType CL:0000700. Condition and annotated sample have been inserted in order to be able to save info at cell level but no calls will be generated. at 3Insertion/insert_scrna_seq.pl line 448.
Abundance threshold not available for library ERX5671950 and cellType FBbt:00003835. Condition and annotated sample have been inserted in order to be able to save info at cell level but no calls will be generated. at 3Insertion/insert_scrna_seq.pl line 448.
Abundance threshold not available for library ERX5671950 and cellType FBbt:00004242. Condition and annotated sample have been inserted in order to be able to save info at cell level but no calls will be generated. at 3Insertion/insert_scrna_seq.pl line 448.
Abundance threshold not available for library ERX5671948 and cellType FBbt:00067064. Condition and annotated sample have been inserted in order to be able to save info at cell level but no calls will be generated. at 3Insertion/insert_scrna_seq.pl line 448.
Abundance threshold not available for library ERX5671949 and cellType FBbt:00111272. Condition and annotated sample have been inserted in order to be able to save info at cell level but no calls will be generated. at 3Insertion/insert_scrna_seq.pl line 448.
Abundance threshold not available for library ERX5671949 and cellType FBbt:00111282. Condition and annotated sample have been inserted in order to be able to save info at cell level but no calls will be generated. at 3Insertion/insert_scrna_seq.pl line 448.
Abundance threshold not available for library ERX5671948 and cellType FBbt:00111272. Condition and annotated sample have been inserted in order to be able to save info at cell level but no calls will be generated. at 3Insertion/insert_scrna_seq.pl line 448.
Abundance threshold not available for library SRX3426767 and cellType CL:0000381. Condition and annotated sample have been inserted in order to be able to save info at cell level but no calls will be generated. at 3Insertion/insert_scrna_seq.pl line 448.
Abundance threshold not available for library SRX3426767 and cellType FBbt:00003702. Condition and annotated sample have been inserted in order to be able to save info at cell level but no calls will be generated. at 3Insertion/insert_scrna_seq.pl line 448.
Abundance threshold not available for library SRX3426762 and cellType CL:2000029. Condition and annotated sample have been inserted in order to be able to save info at cell level but no calls will be generated. at 3Insertion/insert_scrna_seq.pl line 448.
Abundance threshold not available for library SRX3426764 and cellType FBbt:00003702. Condition and annotated sample have been inserted in order to be able to save info at cell level but no calls will be generated. at 3Insertion/insert_scrna_seq.pl line 448.
Abundance threshold not available for library SRX3426765 and cellType FBbt:00003719. Condition and annotated sample have been inserted in order to be able to save info at cell level but no calls will be generated. at 3Insertion/insert_scrna_seq.pl line 448.
Abundance threshold not available for library SRX3426767 and cellType FBbt:00003741. Condition and annotated sample have been inserted in order to be able to save info at cell level but no calls will be generated. at 3Insertion/insert_scrna_seq.pl line 448.
Abundance threshold not available for library SRX3426767 and cellType FBbt:00003743. Condition and annotated sample have been inserted in order to be able to save info at cell level but no calls will be generated. at 3Insertion/insert_scrna_seq.pl line 448.
Abundance threshold not available for library SRX3426764 and cellType FBbt:00003744. Condition and annotated sample have been inserted in order to be able to save info at cell level but no calls will be generated. at 3Insertion/insert_scrna_seq.pl line 448.
Abundance threshold not available for library SRX3426768 and cellType FBbt:00003741. Condition and annotated sample have been inserted in order to be able to save info at cell level but no calls will be generated. at 3Insertion/insert_scrna_seq.pl line 448.
Abundance threshold not available for library SRX3426767 and cellType FBbt:00003767. Condition and annotated sample have been inserted in order to be able to save info at cell level but no calls will be generated. at 3Insertion/insert_scrna_seq.pl line 448.
Abundance threshold not available for library SRX3426759 and cellType FBbt:00001258. Condition and annotated sample have been inserted in order to be able to save info at cell level but no calls will be generated. at 3Insertion/insert_scrna_seq.pl line 448.
Abundance threshold not available for library SRX3426769 and cellType CL:0000381. Condition and annotated sample have been inserted in order to be able to save info at cell level but no calls will be generated. at 3Insertion/insert_scrna_seq.pl line 448.
Abundance threshold not available for library SRX3426762 and cellType FBbt:00003743. Condition and annotated sample have been inserted in order to be able to save info at cell level but no calls will be generated. at 3Insertion/insert_scrna_seq.pl line 448.
Abundance threshold not available for library SRX3426768 and cellType FBbt:00003832. Condition and annotated sample have been inserted in order to be able to save info at cell level but no calls will be generated. at 3Insertion/insert_scrna_seq.pl line 448.
Abundance threshold not available for library SRX3426778 and cellType FBbt:00003629. Condition and annotated sample have been inserted in order to be able to save info at cell level but no calls will be generated. at 3Insertion/insert_scrna_seq.pl line 448.
Abundance threshold not available for library SRX3426770 and cellType FBbt:00003719. Condition and annotated sample have been inserted in order to be able to save info at cell level but no calls will be generated. at 3Insertion/insert_scrna_seq.pl line 448.
Abundance threshold not available for library SRX3426762 and cellType FBbt:00003793. Condition and annotated sample have been inserted in order to be able to save info at cell level but no calls will be generated. at 3Insertion/insert_scrna_seq.pl line 448.
Abundance threshold not available for library SRX3426764 and cellType FBbt:00003839. Condition and annotated sample have been inserted in order to be able to save info at cell level but no calls will be generated. at 3Insertion/insert_scrna_seq.pl line 448.
Abundance threshold not available for library SRX3426773 and cellType FBbt:00003720. Condition and annotated sample have been inserted in order to be able to save info at cell level but no calls will be generated. at 3Insertion/insert_scrna_seq.pl line 448.
Abundance threshold not available for library SRX3426768 and cellType FBbt:00003839. Condition and annotated sample have been inserted in order to be able to save info at cell level but no calls will be generated. at 3Insertion/insert_scrna_seq.pl line 448.
Abundance threshold not available for library SRX3426767 and cellType FBbt:00003838. Condition and annotated sample have been inserted in order to be able to save info at cell level but no calls will be generated. at 3Insertion/insert_scrna_seq.pl line 448.
Abundance threshold not available for library SRX3426767 and cellType FBbt:00003839. Condition and annotated sample have been inserted in order to be able to save info at cell level but no calls will be generated. at 3Insertion/insert_scrna_seq.pl line 448.
Abundance threshold not available for library SRX3426770 and cellType FBbt:00003741. Condition and annotated sample have been inserted in order to be able to save info at cell level but no calls will be generated. at 3Insertion/insert_scrna_seq.pl line 448.
Abundance threshold not available for library SRX3426770 and cellType FBbt:00003743. Condition and annotated sample have been inserted in order to be able to save info at cell level but no calls will be generated. at 3Insertion/insert_scrna_seq.pl line 448.
Abundance threshold not available for library SRX3426768 and cellType FBbt:00005899. Condition and annotated sample have been inserted in order to be able to save info at cell level but no calls will be generated. at 3Insertion/insert_scrna_seq.pl line 448.
Abundance threshold not available for library SRX3426771 and cellType FBbt:00001258. Condition and annotated sample have been inserted in order to be able to save info at cell level but no calls will be generated. at 3Insertion/insert_scrna_seq.pl line 448.
Abundance threshold not available for library SRX3426779 and cellType FBbt:00003741. Condition and annotated sample have been inserted in order to be able to save info at cell level but no calls will be generated. at 3Insertion/insert_scrna_seq.pl line 448.
Abundance threshold not available for library SRX3426778 and cellType FBbt:00003741. Condition and annotated sample have been inserted in order to be able to save info at cell level but no calls will be generated. at 3Insertion/insert_scrna_seq.pl line 448.
Abundance threshold not available for library SRX3426779 and cellType FBbt:00003743. Condition and annotated sample have been inserted in order to be able to save info at cell level but no calls will be generated. at 3Insertion/insert_scrna_seq.pl line 448.
Abundance threshold not available for library SRX3426779 and cellType FBbt:00003744. Condition and annotated sample have been inserted in order to be able to save info at cell level but no calls will be generated. at 3Insertion/insert_scrna_seq.pl line 448.
Abundance threshold not available for library SRX3426766 and cellType FBbt:00003767. Condition and annotated sample have been inserted in order to be able to save info at cell level but no calls will be generated. at 3Insertion/insert_scrna_seq.pl line 448.
calls file does not exist for library SRX3426764 and celltype FBbt:00047095. Condition and annotated sample have been inserted in order to be able to save info at cell level but no calls will be generated. at 3Insertion/insert_scrna_seq.pl line 443.
Abundance threshold not available for library SRX3426779 and cellType FBbt:00003788. Condition and annotated sample have been inserted in order to be able to save info at cell level but no calls will be generated. at 3Insertion/insert_scrna_seq.pl line 448.
Abundance threshold not available for library SRX3426766 and cellType FBbt:00003793. Condition and annotated sample have been inserted in order to be able to save info at cell level but no calls will be generated. at 3Insertion/insert_scrna_seq.pl line 448.
calls file does not exist for library SRX3426767 and celltype FBbt:00047095. Condition and annotated sample have been inserted in order to be able to save info at cell level but no calls will be generated. at 3Insertion/insert_scrna_seq.pl line 443.
Abundance threshold not available for library SRX3426770 and cellType FBbt:00003788. Condition and annotated sample have been inserted in order to be able to save info at cell level but no calls will be generated. at 3Insertion/insert_scrna_seq.pl line 448.
Abundance threshold not available for library SRX3426770 and cellType FBbt:00003793. Condition and annotated sample have been inserted in order to be able to save info at cell level but no calls will be generated. at 3Insertion/insert_scrna_seq.pl line 448.
Abundance threshold not available for library SRX3426768 and cellType FBbt:00047955. Condition and annotated sample have been inserted in order to be able to save info at cell level but no calls will be generated. at 3Insertion/insert_scrna_seq.pl line 448.
Abundance threshold not available for library SRX3426771 and cellType FBbt:00003719. Condition and annotated sample have been inserted in order to be able to save info at cell level but no calls will be generated. at 3Insertion/insert_scrna_seq.pl line 448.
Abundance threshold not available for library SRX3426778 and cellType FBbt:00003788. Condition and annotated sample have been inserted in order to be able to save info at cell level but no calls will be generated. at 3Insertion/insert_scrna_seq.pl line 448.
Abundance threshold not available for library SRX3426774 and cellType FBbt:00003721. Condition and annotated sample have been inserted in order to be able to save info at cell level but no calls will be generated. at 3Insertion/insert_scrna_seq.pl line 448.
Abundance threshold not available for library SRX3426774 and cellType FBbt:00003743. Condition and annotated sample have been inserted in order to be able to save info at cell level but no calls will be generated. at 3Insertion/insert_scrna_seq.pl line 448.
Abundance threshold not available for library SRX3426778 and cellType FBbt:00003837. Condition and annotated sample have been inserted in order to be able to save info at cell level but no calls will be generated. at 3Insertion/insert_scrna_seq.pl line 448.
Abundance threshold not available for library SRX3426766 and cellType FBbt:00003838. Condition and annotated sample have been inserted in order to be able to save info at cell level but no calls will be generated. at 3Insertion/insert_scrna_seq.pl line 448.
Abundance threshold not available for library SRX3426766 and cellType FBbt:00003839. Condition and annotated sample have been inserted in order to be able to save info at cell level but no calls will be generated. at 3Insertion/insert_scrna_seq.pl line 448.
Abundance threshold not available for library SRX3426766 and cellType FBbt:00005899. Condition and annotated sample have been inserted in order to be able to save info at cell level but no calls will be generated. at 3Insertion/insert_scrna_seq.pl line 448.
Abundance threshold not available for library SRX3426770 and cellType FBbt:00003838. Condition and annotated sample have been inserted in order to be able to save info at cell level but no calls will be generated. at 3Insertion/insert_scrna_seq.pl line 448.
calls file does not exist for library SRX3426762 and celltype FBbt:00047095. Condition and annotated sample have been inserted in order to be able to save info at cell level but no calls will be generated. at 3Insertion/insert_scrna_seq.pl line 443.
calls file does not exist for library SRX3426766 and celltype FBbt:00047095. Condition and annotated sample have been inserted in order to be able to save info at cell level but no calls will be generated. at 3Insertion/insert_scrna_seq.pl line 443.
calls file does not exist for library SRX3426765 and celltype FBbt:00047095. Condition and annotated sample have been inserted in order to be able to save info at cell level but no calls will be generated. at 3Insertion/insert_scrna_seq.pl line 443.
Abundance threshold not available for library SRX3426770 and cellType FBbt:00005899. Condition and annotated sample have been inserted in order to be able to save info at cell level but no calls will be generated. at 3Insertion/insert_scrna_seq.pl line 448.
calls file does not exist for library SRX3426778 and celltype FBbt:00047095. Condition and annotated sample have been inserted in order to be able to save info at cell level but no calls will be generated. at 3Insertion/insert_scrna_seq.pl line 443.
Abundance threshold not available for library SRX3426763 and cellType FBbt:00005899. Condition and annotated sample have been inserted in order to be able to save info at cell level but no calls will be generated. at 3Insertion/insert_scrna_seq.pl line 448.
calls file does not exist for library SRX3426770 and celltype FBbt:00047095. Condition and annotated sample have been inserted in order to be able to save info at cell level but no calls will be generated. at 3Insertion/insert_scrna_seq.pl line 443.
calls file does not exist for library SRX3426759 and celltype FBbt:00047095. Condition and annotated sample have been inserted in order to be able to save info at cell level but no calls will be generated. at 3Insertion/insert_scrna_seq.pl line 443.
calls file does not exist for library SRX3426779 and celltype FBbt:00047095. Condition and annotated sample have been inserted in order to be able to save info at cell level but no calls will be generated. at 3Insertion/insert_scrna_seq.pl line 443.
Abundance threshold not available for library SRX3426768 and cellType FBbt:00058222. Condition and annotated sample have been inserted in order to be able to save info at cell level but no calls will be generated. at 3Insertion/insert_scrna_seq.pl line 448.
Abundance threshold not available for library SRX3426768 and cellType FBbt:00067350. Condition and annotated sample have been inserted in order to be able to save info at cell level but no calls will be generated. at 3Insertion/insert_scrna_seq.pl line 448.
calls file does not exist for library SRX3426763 and celltype FBbt:00047095. Condition and annotated sample have been inserted in order to be able to save info at cell level but no calls will be generated. at 3Insertion/insert_scrna_seq.pl line 443.
calls file does not exist for library SRX3426768 and celltype FBbt:00100501. Condition and annotated sample have been inserted in order to be able to save info at cell level but no calls will be generated. at 3Insertion/insert_scrna_seq.pl line 443.
Abundance threshold not available for library SRX3426766 and cellType FBbt:00049825. Condition and annotated sample have been inserted in order to be able to save info at cell level but no calls will be generated. at 3Insertion/insert_scrna_seq.pl line 448.
Abundance threshold not available for library SRX3426766 and cellType FBbt:00049828. Condition and annotated sample have been inserted in order to be able to save info at cell level but no calls will be generated. at 3Insertion/insert_scrna_seq.pl line 448.
Abundance threshold not available for library SRX3426767 and cellType FBbt:00058204. Condition and annotated sample have been inserted in order to be able to save info at cell level but no calls will be generated. at 3Insertion/insert_scrna_seq.pl line 448.
Abundance threshold not available for library SRX3426765 and cellType FBbt:00051299. Condition and annotated sample have been inserted in order to be able to save info at cell level but no calls will be generated. at 3Insertion/insert_scrna_seq.pl line 448.
Abundance threshold not available for library SRX3426759 and cellType FBbt:00048313. Condition and annotated sample have been inserted in order to be able to save info at cell level but no calls will be generated. at 3Insertion/insert_scrna_seq.pl line 448.
calls file does not exist for library SRX3426776 and celltype FBbt:00047095. Condition and annotated sample have been inserted in order to be able to save info at cell level but no calls will be generated. at 3Insertion/insert_scrna_seq.pl line 443.
calls file does not exist for library SRX3426773 and celltype FBbt:00047095. Condition and annotated sample have been inserted in order to be able to save info at cell level but no calls will be generated. at 3Insertion/insert_scrna_seq.pl line 443.
Abundance threshold not available for library SRX3426767 and cellType FBbt:00100214. Condition and annotated sample have been inserted in order to be able to save info at cell level but no calls will be generated. at 3Insertion/insert_scrna_seq.pl line 448.
calls file does not exist for library SRX3426767 and celltype FBbt:00100501. Condition and annotated sample have been inserted in order to be able to save info at cell level but no calls will be generated. at 3Insertion/insert_scrna_seq.pl line 443.
calls file does not exist for library SRX3426764 and celltype FBbt:00100501. Condition and annotated sample have been inserted in order to be able to save info at cell level but no calls will be generated. at 3Insertion/insert_scrna_seq.pl line 443.
Abundance threshold not available for library SRX3426771 and cellType FBbt:00004101. Condition and annotated sample have been inserted in order to be able to save info at cell level but no calls will be generated. at 3Insertion/insert_scrna_seq.pl line 448.
calls file does not exist for library SRX3426774 and celltype FBbt:00047095. Condition and annotated sample have been inserted in order to be able to save info at cell level but no calls will be generated. at 3Insertion/insert_scrna_seq.pl line 443.
Abundance threshold not available for library SRX3426768 and cellType FBbt:00110066. Condition and annotated sample have been inserted in order to be able to save info at cell level but no calls will be generated. at 3Insertion/insert_scrna_seq.pl line 448.
Abundance threshold not available for library SRX3426763 and cellType FBbt:00051299. Condition and annotated sample have been inserted in order to be able to save info at cell level but no calls will be generated. at 3Insertion/insert_scrna_seq.pl line 448.
calls file does not exist for library SRX3426777 and celltype FBbt:00047095. Condition and annotated sample have been inserted in order to be able to save info at cell level but no calls will be generated. at 3Insertion/insert_scrna_seq.pl line 443.
Abundance threshold not available for library SRX3426764 and cellType FBbt:00100506. Condition and annotated sample have been inserted in order to be able to save info at cell level but no calls will be generated. at 3Insertion/insert_scrna_seq.pl line 448.
Abundance threshold not available for library SRX3426764 and cellType FBbt:00100525. Condition and annotated sample have been inserted in order to be able to save info at cell level but no calls will be generated. at 3Insertion/insert_scrna_seq.pl line 448.
Abundance threshold not available for library SRX3426768 and cellType FBbt:00110107. Condition and annotated sample have been inserted in order to be able to save info at cell level but no calls will be generated. at 3Insertion/insert_scrna_seq.pl line 448.
calls file does not exist for library SRX3426769 and celltype FBbt:00047095. Condition and annotated sample have been inserted in order to be able to save info at cell level but no calls will be generated. at 3Insertion/insert_scrna_seq.pl line 443.
Abundance threshold not available for library SRX3426767 and cellType FBbt:00100525. Condition and annotated sample have been inserted in order to be able to save info at cell level but no calls will be generated. at 3Insertion/insert_scrna_seq.pl line 448.
Abundance threshold not available for library SRX3426767 and cellType FBbt:00110065. Condition and annotated sample have been inserted in order to be able to save info at cell level but no calls will be generated. at 3Insertion/insert_scrna_seq.pl line 448.
calls file does not exist for library SRX3426775 and celltype FBbt:00047095. Condition and annotated sample have been inserted in order to be able to save info at cell level but no calls will be generated. at 3Insertion/insert_scrna_seq.pl line 443.
calls file does not exist for library SRX3426771 and celltype FBbt:00047095. Condition and annotated sample have been inserted in order to be able to save info at cell level but no calls will be generated. at 3Insertion/insert_scrna_seq.pl line 443.
calls file does not exist for library SRX3426766 and celltype FBbt:00100501. Condition and annotated sample have been inserted in order to be able to save info at cell level but no calls will be generated. at 3Insertion/insert_scrna_seq.pl line 443.
calls file does not exist for library SRX3426765 and celltype FBbt:00100501. Condition and annotated sample have been inserted in order to be able to save info at cell level but no calls will be generated. at 3Insertion/insert_scrna_seq.pl line 443.
calls file does not exist for library SRX3426760 and celltype FBbt:00047095. Condition and annotated sample have been inserted in order to be able to save info at cell level but no calls will be generated. at 3Insertion/insert_scrna_seq.pl line 443.
Abundance threshold not available for library SRX3426770 and cellType FBbt:00058206. Condition and annotated sample have been inserted in order to be able to save info at cell level but no calls will be generated. at 3Insertion/insert_scrna_seq.pl line 448.
Abundance threshold not available for library SRX3426771 and cellType FBbt:00048313. Condition and annotated sample have been inserted in order to be able to save info at cell level but no calls will be generated. at 3Insertion/insert_scrna_seq.pl line 448.
Abundance threshold not available for library SRX3426767 and cellType FBbt:00111282. Condition and annotated sample have been inserted in order to be able to save info at cell level but no calls will be generated. at 3Insertion/insert_scrna_seq.pl line 448.
Abundance threshold not available for library SRX3426762 and cellType FBbt:00110074. Condition and annotated sample have been inserted in order to be able to save info at cell level but no calls will be generated. at 3Insertion/insert_scrna_seq.pl line 448.
Abundance threshold not available for library SRX3426770 and cellType FBbt:00100214. Condition and annotated sample have been inserted in order to be able to save info at cell level but no calls will be generated. at 3Insertion/insert_scrna_seq.pl line 448.
calls file does not exist for library SRX3426770 and celltype FBbt:00100501. Condition and annotated sample have been inserted in order to be able to save info at cell level but no calls will be generated. at 3Insertion/insert_scrna_seq.pl line 443.
Abundance threshold not available for library SRX3426766 and cellType FBbt:00110066. Condition and annotated sample have been inserted in order to be able to save info at cell level but no calls will be generated. at 3Insertion/insert_scrna_seq.pl line 448.
Abundance threshold not available for library SRX3426765 and cellType FBbt:00100525. Condition and annotated sample have been inserted in order to be able to save info at cell level but no calls will be generated. at 3Insertion/insert_scrna_seq.pl line 448.
calls file does not exist for library SRX3426779 and celltype FBbt:00100501. Condition and annotated sample have been inserted in order to be able to save info at cell level but no calls will be generated. at 3Insertion/insert_scrna_seq.pl line 443.
calls file does not exist for library SRX3426763 and celltype FBbt:00100501. Condition and annotated sample have been inserted in order to be able to save info at cell level but no calls will be generated. at 3Insertion/insert_scrna_seq.pl line 443.
calls file does not exist for library SRX3426778 and celltype FBbt:00100501. Condition and annotated sample have been inserted in order to be able to save info at cell level but no calls will be generated. at 3Insertion/insert_scrna_seq.pl line 443.
Abundance threshold not available for library SRX3426771 and cellType FBbt:00058144. Condition and annotated sample have been inserted in order to be able to save info at cell level but no calls will be generated. at 3Insertion/insert_scrna_seq.pl line 448.
Abundance threshold not available for library SRX3426773 and cellType FBbt:00067350. Condition and annotated sample have been inserted in order to be able to save info at cell level but no calls will be generated. at 3Insertion/insert_scrna_seq.pl line 448.
Abundance threshold not available for library SRX3426779 and cellType FBbt:00100525. Condition and annotated sample have been inserted in order to be able to save info at cell level but no calls will be generated. at 3Insertion/insert_scrna_seq.pl line 448.
Abundance threshold not available for library SRX3426770 and cellType FBbt:00110065. Condition and annotated sample have been inserted in order to be able to save info at cell level but no calls will be generated. at 3Insertion/insert_scrna_seq.pl line 448.
Abundance threshold not available for library SRX3426770 and cellType FBbt:00110066. Condition and annotated sample have been inserted in order to be able to save info at cell level but no calls will be generated. at 3Insertion/insert_scrna_seq.pl line 448.
Abundance threshold not available for library SRX3426763 and cellType FBbt:00100525. Condition and annotated sample have been inserted in order to be able to save info at cell level but no calls will be generated. at 3Insertion/insert_scrna_seq.pl line 448.
Abundance threshold not available for library SRX3426771 and cellType FBbt:00058203. Condition and annotated sample have been inserted in order to be able to save info at cell level but no calls will be generated. at 3Insertion/insert_scrna_seq.pl line 448.
calls file does not exist for library SRX3426773 and celltype FBbt:00100501. Condition and annotated sample have been inserted in order to be able to save info at cell level but no calls will be generated. at 3Insertion/insert_scrna_seq.pl line 443.
calls file does not exist for library SRX3426776 and celltype FBbt:00100501. Condition and annotated sample have been inserted in order to be able to save info at cell level but no calls will be generated. at 3Insertion/insert_scrna_seq.pl line 443.
Abundance threshold not available for library SRX3426778 and cellType FBbt:00110065. Condition and annotated sample have been inserted in order to be able to save info at cell level but no calls will be generated. at 3Insertion/insert_scrna_seq.pl line 448.
Abundance threshold not available for library SRX3426779 and cellType FBbt:00110924. Condition and annotated sample have been inserted in order to be able to save info at cell level but no calls will be generated. at 3Insertion/insert_scrna_seq.pl line 448.
Abundance threshold not available for library SRX3426770 and cellType FBbt:00111282. Condition and annotated sample have been inserted in order to be able to save info at cell level but no calls will be generated. at 3Insertion/insert_scrna_seq.pl line 448.
Abundance threshold not available for library SRX3426779 and cellType FBbt:00111282. Condition and annotated sample have been inserted in order to be able to save info at cell level but no calls will be generated. at 3Insertion/insert_scrna_seq.pl line 448.
calls file does not exist for library SRX3426777 and celltype FBbt:00100501. Condition and annotated sample have been inserted in order to be able to save info at cell level but no calls will be generated. at 3Insertion/insert_scrna_seq.pl line 443.
calls file does not exist for library SRX3426775 and celltype FBbt:00100501. Condition and annotated sample have been inserted in order to be able to save info at cell level but no calls will be generated. at 3Insertion/insert_scrna_seq.pl line 443.
calls file does not exist for library SRX3426774 and celltype FBbt:00100501. Condition and annotated sample have been inserted in order to be able to save info at cell level but no calls will be generated. at 3Insertion/insert_scrna_seq.pl line 443.
Abundance threshold not available for library SRX3426776 and cellType FBbt:00100525. Condition and annotated sample have been inserted in order to be able to save info at cell level but no calls will be generated. at 3Insertion/insert_scrna_seq.pl line 448.
calls file does not exist for library SRX3426771 and celltype FBbt:00100501. Condition and annotated sample have been inserted in order to be able to save info at cell level but no calls will be generated. at 3Insertion/insert_scrna_seq.pl line 443.
Abundance threshold not available for library SRX3426769 and cellType FBbt:00100214. Condition and annotated sample have been inserted in order to be able to save info at cell level but no calls will be generated. at 3Insertion/insert_scrna_seq.pl line 448.
calls file does not exist for library SRX3426769 and celltype FBbt:00100501. Condition and annotated sample have been inserted in order to be able to save info at cell level but no calls will be generated. at 3Insertion/insert_scrna_seq.pl line 443.
calls file does not exist for library SRX3426761 and celltype FBbt:00047095. Condition and annotated sample have been inserted in order to be able to save info at cell level but no calls will be generated. at 3Insertion/insert_scrna_seq.pl line 443.
Abundance threshold not available for library SRX3426774 and cellType FBbt:00100525. Condition and annotated sample have been inserted in order to be able to save info at cell level but no calls will be generated. at 3Insertion/insert_scrna_seq.pl line 448.
Abundance threshold not available for library SRX3426777 and cellType FBbt:00110066. Condition and annotated sample have been inserted in order to be able to save info at cell level but no calls will be generated. at 3Insertion/insert_scrna_seq.pl line 448.
Abundance threshold not available for library SRX3426775 and cellType FBbt:00110065. Condition and annotated sample have been inserted in order to be able to save info at cell level but no calls will be generated. at 3Insertion/insert_scrna_seq.pl line 448.
calls file does not exist for library SRX3426760 and celltype FBbt:00100501. Condition and annotated sample have been inserted in order to be able to save info at cell level but no calls will be generated. at 3Insertion/insert_scrna_seq.pl line 443.
Abundance threshold not available for library SRX3426775 and cellType FBbt:00111282. Condition and annotated sample have been inserted in order to be able to save info at cell level but no calls will be generated. at 3Insertion/insert_scrna_seq.pl line 448.
calls file does not exist for library SRX3426761 and celltype FBbt:00100501. Condition and annotated sample have been inserted in order to be able to save info at cell level but no calls will be generated. at 3Insertion/insert_scrna_seq.pl line 443.
Abundance threshold not available for library SRX3426781 and cellType CL:0000210. Condition and annotated sample have been inserted in order to be able to save info at cell level but no calls will be generated. at 3Insertion/insert_scrna_seq.pl line 448.
calls file does not exist for library SRX3426780 and celltype FBbt:00047095. Condition and annotated sample have been inserted in order to be able to save info at cell level but no calls will be generated. at 3Insertion/insert_scrna_seq.pl line 443.
calls file does not exist for library SRX3426781 and celltype FBbt:00047095. Condition and annotated sample have been inserted in order to be able to save info at cell level but no calls will be generated. at 3Insertion/insert_scrna_seq.pl line 443.
Abundance threshold not available for library SRX3426781 and cellType FBbt:00051299. Condition and annotated sample have been inserted in order to be able to save info at cell level but no calls will be generated. at 3Insertion/insert_scrna_seq.pl line 448.
Abundance threshold not available for library SRX3426784 and cellType CL:0000210. Condition and annotated sample have been inserted in order to be able to save info at cell level but no calls will be generated. at 3Insertion/insert_scrna_seq.pl line 448.
calls file does not exist for library SRX3426782 and celltype FBbt:00047095. Condition and annotated sample have been inserted in order to be able to save info at cell level but no calls will be generated. at 3Insertion/insert_scrna_seq.pl line 443.
Abundance threshold not available for library SRX3426781 and cellType FBbt:00100214. Condition and annotated sample have been inserted in order to be able to save info at cell level but no calls will be generated. at 3Insertion/insert_scrna_seq.pl line 448.
calls file does not exist for library SRX3426781 and celltype FBbt:00100501. Condition and annotated sample have been inserted in order to be able to save info at cell level but no calls will be generated. at 3Insertion/insert_scrna_seq.pl line 443.
Abundance threshold not available for library SRX3426784 and cellType FBbt:00001258. Condition and annotated sample have been inserted in order to be able to save info at cell level but no calls will be generated. at 3Insertion/insert_scrna_seq.pl line 448.
Abundance threshold not available for library SRX3426784 and cellType FBbt:00003702. Condition and annotated sample have been inserted in order to be able to save info at cell level but no calls will be generated. at 3Insertion/insert_scrna_seq.pl line 448.
Abundance threshold not available for library SRX3426784 and cellType FBbt:00003718. Condition and annotated sample have been inserted in order to be able to save info at cell level but no calls will be generated. at 3Insertion/insert_scrna_seq.pl line 448.
Abundance threshold not available for library SRX3426784 and cellType FBbt:00003719. Condition and annotated sample have been inserted in order to be able to save info at cell level but no calls will be generated. at 3Insertion/insert_scrna_seq.pl line 448.
Abundance threshold not available for library SRX3426784 and cellType FBbt:00003741. Condition and annotated sample have been inserted in order to be able to save info at cell level but no calls will be generated. at 3Insertion/insert_scrna_seq.pl line 448.
Abundance threshold not available for library SRX3426784 and cellType FBbt:00003744. Condition and annotated sample have been inserted in order to be able to save info at cell level but no calls will be generated. at 3Insertion/insert_scrna_seq.pl line 448.
Abundance threshold not available for library SRX3426784 and cellType FBbt:00003767. Condition and annotated sample have been inserted in order to be able to save info at cell level but no calls will be generated. at 3Insertion/insert_scrna_seq.pl line 448.
Abundance threshold not available for library SRX3426784 and cellType FBbt:00003788. Condition and annotated sample have been inserted in order to be able to save info at cell level but no calls will be generated. at 3Insertion/insert_scrna_seq.pl line 448.
Abundance threshold not available for library SRX3426784 and cellType FBbt:00003797. Condition and annotated sample have been inserted in order to be able to save info at cell level but no calls will be generated. at 3Insertion/insert_scrna_seq.pl line 448.
Abundance threshold not available for library SRX3426784 and cellType FBbt:00003837. Condition and annotated sample have been inserted in order to be able to save info at cell level but no calls will be generated. at 3Insertion/insert_scrna_seq.pl line 448.
Abundance threshold not available for library SRX3426784 and cellType FBbt:00003838. Condition and annotated sample have been inserted in order to be able to save info at cell level but no calls will be generated. at 3Insertion/insert_scrna_seq.pl line 448.
Abundance threshold not available for library SRX3426784 and cellType FBbt:00003839. Condition and annotated sample have been inserted in order to be able to save info at cell level but no calls will be generated. at 3Insertion/insert_scrna_seq.pl line 448.
Abundance threshold not available for library SRX3426784 and cellType FBbt:00004046. Condition and annotated sample have been inserted in order to be able to save info at cell level but no calls will be generated. at 3Insertion/insert_scrna_seq.pl line 448.
Abundance threshold not available for library SRX3426784 and cellType FBbt:00004101. Condition and annotated sample have been inserted in order to be able to save info at cell level but no calls will be generated. at 3Insertion/insert_scrna_seq.pl line 448.
Abundance threshold not available for library SRX3426784 and cellType FBbt:00005899. Condition and annotated sample have been inserted in order to be able to save info at cell level but no calls will be generated. at 3Insertion/insert_scrna_seq.pl line 448.
calls file does not exist for library SRX3426780 and celltype FBbt:00100501. Condition and annotated sample have been inserted in order to be able to save info at cell level but no calls will be generated. at 3Insertion/insert_scrna_seq.pl line 443.
Abundance threshold not available for library SRX3426783 and cellType FBbt:00003743. Condition and annotated sample have been inserted in order to be able to save info at cell level but no calls will be generated. at 3Insertion/insert_scrna_seq.pl line 448.
calls file does not exist for library SRX3426784 and celltype FBbt:00047095. Condition and annotated sample have been inserted in order to be able to save info at cell level but no calls will be generated. at 3Insertion/insert_scrna_seq.pl line 443.
Abundance threshold not available for library SRX3426782 and cellType FBbt:00051053. Condition and annotated sample have been inserted in order to be able to save info at cell level but no calls will be generated. at 3Insertion/insert_scrna_seq.pl line 448.
Abundance threshold not available for library SRX3426785 and cellType CL:2000029. Condition and annotated sample have been inserted in order to be able to save info at cell level but no calls will be generated. at 3Insertion/insert_scrna_seq.pl line 448.
Abundance threshold not available for library SRX3426784 and cellType FBbt:00048012. Condition and annotated sample have been inserted in order to be able to save info at cell level but no calls will be generated. at 3Insertion/insert_scrna_seq.pl line 448.
Abundance threshold not available for library SRX3426780 and cellType FBbt:00110066. Condition and annotated sample have been inserted in order to be able to save info at cell level but no calls will be generated. at 3Insertion/insert_scrna_seq.pl line 448.
Abundance threshold not available for library SRX3426785 and cellType FBbt:00003743. Condition and annotated sample have been inserted in order to be able to save info at cell level but no calls will be generated. at 3Insertion/insert_scrna_seq.pl line 448.
Abundance threshold not available for library SRX3426785 and cellType FBbt:00003744. Condition and annotated sample have been inserted in order to be able to save info at cell level but no calls will be generated. at 3Insertion/insert_scrna_seq.pl line 448.
Abundance threshold not available for library SRX3426785 and cellType FBbt:00003767. Condition and annotated sample have been inserted in order to be able to save info at cell level but no calls will be generated. at 3Insertion/insert_scrna_seq.pl line 448.
Abundance threshold not available for library SRX3426785 and cellType FBbt:00003837. Condition and annotated sample have been inserted in order to be able to save info at cell level but no calls will be generated. at 3Insertion/insert_scrna_seq.pl line 448.
Abundance threshold not available for library SRX3426784 and cellType FBbt:00049825. Condition and annotated sample have been inserted in order to be able to save info at cell level but no calls will be generated. at 3Insertion/insert_scrna_seq.pl line 448.
calls file does not exist for library SRX3426785 and celltype FBbt:00047095. Condition and annotated sample have been inserted in order to be able to save info at cell level but no calls will be generated. at 3Insertion/insert_scrna_seq.pl line 443.
Abundance threshold not available for library SRX3426784 and cellType FBbt:00058203. Condition and annotated sample have been inserted in order to be able to save info at cell level but no calls will be generated. at 3Insertion/insert_scrna_seq.pl line 448.
Abundance threshold not available for library SRX3426784 and cellType FBbt:00058204. Condition and annotated sample have been inserted in order to be able to save info at cell level but no calls will be generated. at 3Insertion/insert_scrna_seq.pl line 448.
Abundance threshold not available for library SRX3426784 and cellType FBbt:00058206. Condition and annotated sample have been inserted in order to be able to save info at cell level but no calls will be generated. at 3Insertion/insert_scrna_seq.pl line 448.
Abundance threshold not available for library SRX3426784 and cellType FBbt:00067350. Condition and annotated sample have been inserted in order to be able to save info at cell level but no calls will be generated. at 3Insertion/insert_scrna_seq.pl line 448.
Abundance threshold not available for library SRX3426784 and cellType FBbt:00100214. Condition and annotated sample have been inserted in order to be able to save info at cell level but no calls will be generated. at 3Insertion/insert_scrna_seq.pl line 448.
calls file does not exist for library SRX3426784 and celltype FBbt:00100501. Condition and annotated sample have been inserted in order to be able to save info at cell level but no calls will be generated. at 3Insertion/insert_scrna_seq.pl line 443.
Abundance threshold not available for library SRX3426785 and cellType FBbt:00048313. Condition and annotated sample have been inserted in order to be able to save info at cell level but no calls will be generated. at 3Insertion/insert_scrna_seq.pl line 448.
Abundance threshold not available for library SRX3426785 and cellType FBbt:00049825. Condition and annotated sample have been inserted in order to be able to save info at cell level but no calls will be generated. at 3Insertion/insert_scrna_seq.pl line 448.
Abundance threshold not available for library SRX3426785 and cellType FBbt:00049828. Condition and annotated sample have been inserted in order to be able to save info at cell level but no calls will be generated. at 3Insertion/insert_scrna_seq.pl line 448.
calls file does not exist for library SRX3426782 and celltype FBbt:00100501. Condition and annotated sample have been inserted in order to be able to save info at cell level but no calls will be generated. at 3Insertion/insert_scrna_seq.pl line 443.
Abundance threshold not available for library SRX3426784 and cellType FBbt:00110065. Condition and annotated sample have been inserted in order to be able to save info at cell level but no calls will be generated. at 3Insertion/insert_scrna_seq.pl line 448.
Abundance threshold not available for library SRX3426784 and cellType FBbt:00110066. Condition and annotated sample have been inserted in order to be able to save info at cell level but no calls will be generated. at 3Insertion/insert_scrna_seq.pl line 448.
calls file does not exist for library SRX3426783 and celltype FBbt:00047095. Condition and annotated sample have been inserted in order to be able to save info at cell level but no calls will be generated. at 3Insertion/insert_scrna_seq.pl line 443.
Abundance threshold not available for library SRX3426785 and cellType FBbt:00058206. Condition and annotated sample have been inserted in order to be able to save info at cell level but no calls will be generated. at 3Insertion/insert_scrna_seq.pl line 448.
calls file does not exist for library SRX3426785 and celltype FBbt:00100501. Condition and annotated sample have been inserted in order to be able to save info at cell level but no calls will be generated. at 3Insertion/insert_scrna_seq.pl line 443.
Abundance threshold not available for library SRX3426785 and cellType FBbt:00111282. Condition and annotated sample have been inserted in order to be able to save info at cell level but no calls will be generated. at 3Insertion/insert_scrna_seq.pl line 448.
calls file does not exist for library SRX3426783 and celltype FBbt:00100501. Condition and annotated sample have been inserted in order to be able to save info at cell level but no calls will be generated. at 3Insertion/insert_scrna_seq.pl line 443.
calls file does not exist for library SRX6936042 and celltype CL:0002371. Condition and annotated sample have been inserted in order to be able to save info at cell level but no calls will be generated. at 3Insertion/insert_scrna_seq.pl line 443.
calls file does not exist for library SRX6936043 and celltype CL:0002371. Condition and annotated sample have been inserted in order to be able to save info at cell level but no calls will be generated. at 3Insertion/insert_scrna_seq.pl line 443.
calls file does not exist for library SRX6936043 and celltype FBbt:00001889. Condition and annotated sample have been inserted in order to be able to save info at cell level but no calls will be generated. at 3Insertion/insert_scrna_seq.pl line 443.
calls file does not exist for library SRX6936042 and celltype FBbt:00001889. Condition and annotated sample have been inserted in order to be able to save info at cell level but no calls will be generated. at 3Insertion/insert_scrna_seq.pl line 443.
calls file does not exist for library SRX6936043 and celltype FBbt:00007037. Condition and annotated sample have been inserted in order to be able to save info at cell level but no calls will be generated. at 3Insertion/insert_scrna_seq.pl line 443.
calls file does not exist for library SRX6936042 and celltype FBbt:00007037. Condition and annotated sample have been inserted in order to be able to save info at cell level but no calls will be generated. at 3Insertion/insert_scrna_seq.pl line 443.
calls file does not exist for library SRX6936043 and celltype FBbt:00047149. Condition and annotated sample have been inserted in order to be able to save info at cell level but no calls will be generated. at 3Insertion/insert_scrna_seq.pl line 443.
calls file does not exist for library SRX6936042 and celltype FBbt:00047149. Condition and annotated sample have been inserted in order to be able to save info at cell level but no calls will be generated. at 3Insertion/insert_scrna_seq.pl line 443.
calls file does not exist for library SRX6936043 and celltype FBbt:00047182. Condition and annotated sample have been inserted in order to be able to save info at cell level but no calls will be generated. at 3Insertion/insert_scrna_seq.pl line 443.
calls file does not exist for library SRX6936042 and celltype FBbt:00047182. Condition and annotated sample have been inserted in order to be able to save info at cell level but no calls will be generated. at 3Insertion/insert_scrna_seq.pl line 443.
calls file does not exist for library SRX6936043 and celltype FBbt:00049280. Condition and annotated sample have been inserted in order to be able to save info at cell level but no calls will be generated. at 3Insertion/insert_scrna_seq.pl line 443.
calls file does not exist for library SRX6936042 and celltype FBbt:00049280. Condition and annotated sample have been inserted in order to be able to save info at cell level but no calls will be generated. at 3Insertion/insert_scrna_seq.pl line 443.
calls file does not exist for library SRX6936043 and celltype FBbt:00049281. Condition and annotated sample have been inserted in order to be able to save info at cell level but no calls will be generated. at 3Insertion/insert_scrna_seq.pl line 443.
calls file does not exist for library SRX6936042 and celltype FBbt:00049281. Condition and annotated sample have been inserted in order to be able to save info at cell level but no calls will be generated. at 3Insertion/insert_scrna_seq.pl line 443.
calls file does not exist for library SRX6936043 and celltype FBbt:00049283. Condition and annotated sample have been inserted in order to be able to save info at cell level but no calls will be generated. at 3Insertion/insert_scrna_seq.pl line 443.
calls file does not exist for library SRX6936042 and celltype FBbt:00110205. Condition and annotated sample have been inserted in order to be able to save info at cell level but no calls will be generated. at 3Insertion/insert_scrna_seq.pl line 443.
calls file does not exist for library SRX6936043 and celltype FBbt:00058000. Condition and annotated sample have been inserted in order to be able to save info at cell level but no calls will be generated. at 3Insertion/insert_scrna_seq.pl line 443.
calls file does not exist for library SRX6936042 and celltype FBbt:00110207. Condition and annotated sample have been inserted in order to be able to save info at cell level but no calls will be generated. at 3Insertion/insert_scrna_seq.pl line 443.
calls file does not exist for library SRX6936043 and celltype FBbt:00110205. Condition and annotated sample have been inserted in order to be able to save info at cell level but no calls will be generated. at 3Insertion/insert_scrna_seq.pl line 443.
calls file does not exist for library SRX6936042 and celltype FBbt:00110912. Condition and annotated sample have been inserted in order to be able to save info at cell level but no calls will be generated. at 3Insertion/insert_scrna_seq.pl line 443.
calls file does not exist for library SRX6936043 and celltype FBbt:00110207. Condition and annotated sample have been inserted in order to be able to save info at cell level but no calls will be generated. at 3Insertion/insert_scrna_seq.pl line 443.
calls file does not exist for library SRX6936043 and celltype FBbt:00110912. Condition and annotated sample have been inserted in order to be able to save info at cell level but no calls will be generated. at 3Insertion/insert_scrna_seq.pl line 443.
calls file does not exist for library SRX7869893 and celltype CL:0000394. Condition and annotated sample have been inserted in order to be able to save info at cell level but no calls will be generated. at 3Insertion/insert_scrna_seq.pl line 443.
calls file does not exist for library SRX7869893 and celltype CL:0000395. Condition and annotated sample have been inserted in order to be able to save info at cell level but no calls will be generated. at 3Insertion/insert_scrna_seq.pl line 443.
calls file does not exist for library SRX7869893 and celltype FBbt:00001690. Condition and annotated sample have been inserted in order to be able to save info at cell level but no calls will be generated. at 3Insertion/insert_scrna_seq.pl line 443.
calls file does not exist for library SRX7869893 and celltype FBbt:00005248. Condition and annotated sample have been inserted in order to be able to save info at cell level but no calls will be generated. at 3Insertion/insert_scrna_seq.pl line 443.
calls file does not exist for library SRX7869895 and celltype CL:0000394. Condition and annotated sample have been inserted in order to be able to save info at cell level but no calls will be generated. at 3Insertion/insert_scrna_seq.pl line 443.
calls file does not exist for library SRX7869895 and celltype CL:0000395. Condition and annotated sample have been inserted in order to be able to save info at cell level but no calls will be generated. at 3Insertion/insert_scrna_seq.pl line 443.
calls file does not exist for library SRX7869895 and celltype FBbt:00001690. Condition and annotated sample have been inserted in order to be able to save info at cell level but no calls will be generated. at 3Insertion/insert_scrna_seq.pl line 443.
calls file does not exist for library SRX7869895 and celltype FBbt:00005248. Condition and annotated sample have been inserted in order to be able to save info at cell level but no calls will be generated. at 3Insertion/insert_scrna_seq.pl line 443.
